<?xml version="1.0" encoding="UTF-8"?>
<!-- Generated by org.testng.reporters.JUnitReportReporter -->
<testsuite skipped="0" hostname="AjVivoBook" name="tests.Test1" tests="1" failures="0" timestamp="2021-07-04T10:25:59 IST" time="0.008" errors="0">
  <testcase name="m1" time="0.008" classname="tests.Test1"/>
  <system-out/>
</testsuite> <!-- tests.Test1 -->
